<?xml version="1.0" encoding="UTF-8"?>
<testng-results ignored="0" total="2" passed="1" failed="1" skipped="0">
  <reporter-output>
    <line>
      <![CDATA[onStart]]>
    </line>
    <line>
      <![CDATA[testCase1]]>
    </line>
    <line>
      <![CDATA[onTestSuccess]]>
    </line>
    <line>
      <![CDATA[testCase2]]>
    </line>
  </reporter-output>
  <suite started-at="2024-07-30T09:46:53 IST" name="Default suite" finished-at="2024-07-30T09:47:05 IST" duration-ms="11909">
    <groups>
    </groups>
    <test started-at="2024-07-30T09:46:53 IST" name="Default test" finished-at="2024-07-30T09:47:05 IST" duration-ms="11909">
      <class name="listeners.TestCaseBasic">
        <test-method is-config="true" signature="preCondition()[pri:0, instance:listeners.TestCaseBasic@1a6d8329]" started-at="2024-07-30T09:46:53 IST" name="preCondition" finished-at="2024-07-30T09:46:57 IST" duration-ms="3972" status="PASS">
          <reporter-output>
          </reporter-output>
        </test-method> <!-- preCondition -->
        <test-method is-config="true" signature="login()[pri:0, instance:listeners.TestCaseBasic@1a6d8329]" started-at="2024-07-30T09:46:57 IST" name="login" finished-at="2024-07-30T09:47:00 IST" duration-ms="3455" status="PASS">
          <reporter-output>
          </reporter-output>
        </test-method> <!-- login -->
        <test-method signature="testCase1()[pri:0, instance:listeners.TestCaseBasic@1a6d8329]" started-at="2024-07-30T09:47:00 IST" name="testCase1" finished-at="2024-07-30T09:47:00 IST" duration-ms="65" status="PASS">
          <reporter-output>
            <line>
              <![CDATA[testCase1]]>
            </line>
            <line>
              <![CDATA[onTestSuccess]]>
            </line>
          </reporter-output>
        </test-method> <!-- testCase1 -->
        <test-method is-config="true" signature="logout()[pri:0, instance:listeners.TestCaseBasic@1a6d8329]" started-at="2024-07-30T09:47:00 IST" name="logout" finished-at="2024-07-30T09:47:02 IST" duration-ms="1330" status="PASS">
          <reporter-output>
          </reporter-output>
        </test-method> <!-- logout -->
        <test-method is-config="true" signature="login()[pri:0, instance:listeners.TestCaseBasic@1a6d8329]" started-at="2024-07-30T09:47:02 IST" name="login" finished-at="2024-07-30T09:47:03 IST" duration-ms="1648" status="PASS">
          <reporter-output>
          </reporter-output>
        </test-method> <!-- login -->
        <test-method signature="testCase2()[pri:0, instance:listeners.TestCaseBasic@1a6d8329]" started-at="2024-07-30T09:47:03 IST" name="testCase2" finished-at="2024-07-30T09:47:03 IST" duration-ms="68" status="FAIL">
          <exception class="java.lang.AssertionError">
            <message>
              <![CDATA[expected [https://demowebshop.tricentis.com/] but found [https://demowebshop.tricentis.com]]]>
            </message>
            <full-stacktrace>
              <![CDATA[java.lang.AssertionError: expected [https://demowebshop.tricentis.com/] but found [https://demowebshop.tricentis.com]
at org.testng.Assert.fail(Assert.java:111)
at org.testng.Assert.failNotEquals(Assert.java:1578)
at org.testng.Assert.assertEqualsImpl(Assert.java:150)
at org.testng.Assert.assertEquals(Assert.java:132)
at org.testng.Assert.assertEquals(Assert.java:656)
at org.testng.Assert.assertEquals(Assert.java:666)
at listeners.TestCaseBasic.testCase2(TestCaseBasic.java:39)
at java.base/jdk.internal.reflect.NativeMethodAccessorImpl.invoke0(Native Method)
at java.base/jdk.internal.reflect.NativeMethodAccessorImpl.invoke(NativeMethodAccessorImpl.java:77)
at java.base/jdk.internal.reflect.DelegatingMethodAccessorImpl.invoke(DelegatingMethodAccessorImpl.java:43)
at java.base/java.lang.reflect.Method.invoke(Method.java:568)
at org.testng.internal.invokers.MethodInvocationHelper.invokeMethod(MethodInvocationHelper.java:139)
at org.testng.internal.invokers.TestInvoker.invokeMethod(TestInvoker.java:664)
at org.testng.internal.invokers.TestInvoker.invokeTestMethod(TestInvoker.java:227)
at org.testng.internal.invokers.MethodRunner.runInSequence(MethodRunner.java:50)
at org.testng.internal.invokers.TestInvoker$MethodInvocationAgent.invoke(TestInvoker.java:957)
at org.testng.internal.invokers.TestInvoker.invokeTestMethods(TestInvoker.java:200)
at org.testng.internal.invokers.TestMethodWorker.invokeTestMethods(TestMethodWorker.java:148)
at org.testng.internal.invokers.TestMethodWorker.run(TestMethodWorker.java:128)
at java.base/java.util.ArrayList.forEach(ArrayList.java:1511)
at org.testng.TestRunner.privateRun(TestRunner.java:848)
at org.testng.TestRunner.run(TestRunner.java:621)
at org.testng.SuiteRunner.runTest(SuiteRunner.java:443)
at org.testng.SuiteRunner.runSequentially(SuiteRunner.java:437)
at org.testng.SuiteRunner.privateRun(SuiteRunner.java:397)
at org.testng.SuiteRunner.run(SuiteRunner.java:336)
at org.testng.SuiteRunnerWorker.runSuite(SuiteRunnerWorker.java:52)
at org.testng.SuiteRunnerWorker.run(SuiteRunnerWorker.java:95)
at org.testng.TestNG.runSuitesSequentially(TestNG.java:1280)
at org.testng.TestNG.runSuitesLocally(TestNG.java:1200)
at org.testng.TestNG.runSuites(TestNG.java:1114)
at org.testng.TestNG.run(TestNG.java:1082)
at org.testng.remote.AbstractRemoteTestNG.run(AbstractRemoteTestNG.java:115)
at org.testng.remote.RemoteTestNG.initAndRun(RemoteTestNG.java:251)
at org.testng.remote.RemoteTestNG.main(RemoteTestNG.java:77)
]]>
            </full-stacktrace>
          </exception> <!-- java.lang.AssertionError -->
          <reporter-output>
            <line>
              <![CDATA[testCase2]]>
            </line>
          </reporter-output>
        </test-method> <!-- testCase2 -->
        <test-method is-config="true" signature="logout()[pri:0, instance:listeners.TestCaseBasic@1a6d8329]" started-at="2024-07-30T09:47:04 IST" name="logout" finished-at="2024-07-30T09:47:04 IST" duration-ms="712" status="PASS">
          <reporter-output>
          </reporter-output>
        </test-method> <!-- logout -->
        <test-method is-config="true" signature="postCondition()[pri:0, instance:listeners.TestCaseBasic@1a6d8329]" started-at="2024-07-30T09:47:04 IST" name="postCondition" finished-at="2024-07-30T09:47:05 IST" duration-ms="333" status="PASS">
          <reporter-output>
          </reporter-output>
        </test-method> <!-- postCondition -->
      </class> <!-- listeners.TestCaseBasic -->
    </test> <!-- Default test -->
  </suite> <!-- Default suite -->
</testng-results>
